\BOOKMARK [1][-]{section.1}{\376\377\000I\000n\000t\000r\000o\000d\000u\000c\000t\000i\000o\000n}{}% 1
\BOOKMARK [1][-]{section.2}{\376\377\000R\000e\000l\000a\000t\000e\000d\000\040\000W\000o\000r\000k}{}% 2
\BOOKMARK [2][-]{subsection.2.1}{\376\377\000E\000n\000e\000r\000g\000y\000-\000b\000a\000s\000e\000d\000\040\000L\000e\000a\000r\000n\000i\000n\000g}{section.2}% 3
\BOOKMARK [2][-]{subsection.2.2}{\376\377\000M\000o\000d\000e\000l\000\040\000D\000e\000s\000i\000g\000n\000\040\000f\000r\000o\000m\000\040\000F\000i\000r\000s\000t\000\040\000P\000r\000i\000n\000c\000i\000p\000l\000e\000s}{section.2}% 4
\BOOKMARK [2][-]{subsection.2.3}{\376\377\000D\000e\000p\000t\000h\000\040\000R\000e\000c\000u\000r\000r\000e\000n\000c\000e\000\040\000i\000n\000\040\000T\000r\000a\000n\000s\000f\000o\000r\000m\000e\000r\000s}{section.2}% 5
\BOOKMARK [1][-]{section.3}{\376\377\000C\000o\000n\000c\000e\000p\000t\000u\000a\000l\000i\000z\000a\000t\000i\000o\000n\000\040\000a\000n\000d\000\040\000I\000n\000s\000t\000a\000n\000t\000i\000a\000t\000i\000o\000n}{}% 6
\BOOKMARK [1][-]{section.4}{\376\377\000H\000y\000p\000e\000r\000s\000p\000h\000e\000r\000i\000c\000a\000l\000\040\000E\000n\000e\000r\000g\000y\000\040\000T\000r\000a\000n\000s\000f\000o\000r\000m\000e\000r\000\040\000f\000r\000o\000m\000\040\000I\000t\000e\000r\000a\000t\000i\000v\000e\000\040\000E\000n\000e\000r\000g\000y\000\040\000M\000i\000n\000i\000m\000i\000z\000a\000t\000i\000o\000n}{}% 7
\BOOKMARK [2][-]{subsection.4.1}{\376\377\000H\000y\000p\000e\000r\000s\000p\000h\000e\000r\000i\000c\000a\000l\000\040\000E\000n\000e\000r\000g\000y}{section.4}% 8
\BOOKMARK [3][-]{subsubsection.4.1.1}{\376\377\000O\000v\000e\000r\000c\000o\000m\000i\000n\000g\000\040\000T\000o\000k\000e\000n\000\040\000S\000y\000n\000c\000h\000r\000o\000n\000i\000z\000a\000t\000i\000o\000n\000\040\000v\000i\000a\000\040\000R\000e\000p\000u\000l\000s\000i\000v\000e\000\040\000D\000y\000n\000a\000m\000i\000c\000s}{subsection.4.1}% 9
\BOOKMARK [3][-]{subsubsection.4.1.2}{\376\377\000S\000e\000m\000a\000n\000t\000i\000c\000\040\000A\000l\000i\000g\000n\000m\000e\000n\000t\000\040\000v\000i\000a\000\040\000A\000t\000t\000r\000a\000c\000t\000i\000o\000n\000\040\000t\000o\000\040\000H\000i\000g\000h\000-\000D\000i\000m\000e\000n\000s\000i\000o\000n\000a\000l\000\040\000B\000a\000s\000e\000s}{subsection.4.1}% 10
\BOOKMARK [3][-]{subsubsection.4.1.3}{\376\377\000D\000u\000a\000l\000\040\000E\000n\000e\000r\000g\000y\000\040\000o\000n\000\040\000t\000h\000e\000\040\000H\000y\000p\000e\000r\000s\000p\000h\000e\000r\000e}{subsection.4.1}% 11
\BOOKMARK [2][-]{subsection.4.2}{\376\377\000S\000y\000m\000m\000e\000t\000r\000i\000c\000\040\000S\000t\000r\000u\000c\000t\000u\000r\000e\000\040\000I\000n\000d\000u\000c\000e\000d\000\040\000F\000r\000o\000m\000\040\000E\000n\000e\000r\000g\000y\000\040\000M\000i\000n\000i\000m\000i\000z\000a\000t\000i\000o\000n}{section.4}% 12
\BOOKMARK [3][-]{subsubsection.4.2.1}{\376\377\000A\000t\000t\000e\000n\000t\000i\000o\000n\000\040\000M\000o\000d\000u\000l\000e\000\040\000f\000r\000o\000m\000\040\000U\000n\000i\000f\000o\000r\000m\000\040\000E\000n\000e\000r\000g\000y}{subsection.4.2}% 13
\BOOKMARK [3][-]{subsubsection.4.2.2}{\376\377\000F\000e\000e\000d\000f\000o\000r\000w\000a\000r\000d\000\040\000M\000o\000d\000u\000l\000e\000\040\000f\000r\000o\000m\000\040\000A\000l\000i\000g\000n\000m\000e\000n\000t\000\040\000E\000n\000e\000r\000g\000y}{subsection.4.2}% 14
\BOOKMARK [2][-]{subsection.4.3}{\376\377\000L\000e\000a\000r\000n\000i\000n\000g\000\040\000A\000d\000a\000p\000t\000i\000v\000e\000\040\000S\000t\000e\000p\000\040\000S\000i\000z\000e}{section.4}% 15
\BOOKMARK [1][-]{section.5}{\376\377\000E\000x\000p\000e\000r\000i\000m\000e\000n\000t}{}% 16
\BOOKMARK [2][-]{subsection.5.1}{\376\377\000S\000o\000l\000v\000i\000n\000g\000\040\000S\000u\000d\000o\000k\000u}{section.5}% 17
\BOOKMARK [2][-]{subsection.5.2}{\376\377\000I\000m\000a\000g\000e\000\040\000C\000l\000a\000s\000s\000i\000f\000i\000c\000a\000t\000i\000o\000n}{section.5}% 18
\BOOKMARK [2][-]{subsection.5.3}{\376\377\000M\000a\000s\000k\000e\000d\000\040\000I\000m\000a\000g\000e\000\040\000M\000o\000d\000e\000l\000i\000n\000g}{section.5}% 19
\BOOKMARK [2][-]{subsection.5.4}{\376\377\000E\000n\000e\000r\000g\000y\000\040\000E\000v\000o\000l\000u\000t\000i\000o\000n\000,\000\040\000E\000f\000f\000e\000c\000t\000i\000v\000e\000\040\000R\000a\000n\000k\000\040\000a\000n\000d\000\040\000A\000v\000e\000r\000a\000g\000e\000\040\000A\000n\000g\000l\000e}{section.5}% 20
\BOOKMARK [2][-]{subsection.5.5}{\376\377\000A\000l\000t\000e\000r\000n\000a\000t\000i\000v\000e\000\040\000D\000e\000s\000i\000g\000n\000s\000\040\000a\000n\000d\000\040\000S\000c\000a\000l\000a\000b\000i\000l\000i\000t\000y}{section.5}% 21
\BOOKMARK [1][-]{section.6}{\376\377\000C\000o\000n\000c\000l\000u\000s\000i\000o\000n}{}% 22
\BOOKMARK [1][-]{appendix.A}{\376\377\000T\000h\000e\000o\000r\000e\000t\000i\000c\000a\000l\000\040\000J\000u\000s\000t\000i\000f\000i\000c\000a\000t\000i\000o\000n\000\040\000o\000f\000\040\000M\000o\000t\000i\000v\000a\000t\000i\000o\000n}{}% 23
\BOOKMARK [1][-]{appendix.B}{\376\377\000P\000r\000e\000l\000i\000m\000i\000n\000a\000r\000i\000e\000s}{}% 24
\BOOKMARK [2][-]{subsection.B.1}{\376\377\000H\000o\000p\000f\000i\000e\000l\000d\000\040\000N\000e\000t\000w\000o\000r\000k\000s}{appendix.B}% 25
\BOOKMARK [2][-]{subsection.B.2}{\376\377\000M\000o\000d\000e\000r\000n\000\040\000C\000o\000n\000t\000i\000n\000u\000o\000u\000s\000\040\000H\000o\000p\000f\000i\000e\000l\000d\000\040\000N\000e\000t\000w\000o\000r\000k\000s}{appendix.B}% 26
\BOOKMARK [1][-]{appendix.C}{\376\377\000D\000e\000r\000i\000v\000a\000t\000i\000o\000n}{}% 27
\BOOKMARK [2][-]{subsection.C.1}{\376\377\000D\000e\000r\000i\000v\000a\000t\000i\000o\000n\000\040\000o\000f\000\040\000t\000h\000e\000\040\000G\000r\000a\000d\000i\000e\000n\000t\000\040\000o\000f\000\040\000E\000A\000T\000T\000N}{appendix.C}% 28
\BOOKMARK [2][-]{subsection.C.2}{\376\377\000D\000e\000r\000i\000v\000a\000t\000i\000o\000n\000\040\000o\000f\000\040\000t\000h\000e\000\040\000G\000r\000a\000d\000i\000e\000n\000t\000\040\000o\000f\000\040\000E\000F\000F}{appendix.C}% 29
\BOOKMARK [1][-]{appendix.D}{\376\377\000D\000e\000t\000a\000i\000l\000e\000d\000\040\000E\000x\000p\000e\000r\000i\000m\000e\000n\000t\000a\000l\000\040\000S\000e\000t\000u\000p\000s\000\040\000a\000n\000d\000\040\000M\000o\000d\000e\000l\000\040\000C\000o\000n\000f\000i\000g\000u\000r\000a\000t\000i\000o\000n\000s}{}% 30
\BOOKMARK [2][-]{subsection.D.1}{\376\377\000N\000e\000t\000w\000o\000r\000k\000\040\000t\000o\000\040\000L\000e\000a\000r\000n\000\040\000A\000d\000a\000p\000t\000i\000v\000e\000\040\000S\000t\000e\000p\000\040\000S\000i\000z\000e\000s}{appendix.D}% 31
\BOOKMARK [2][-]{subsection.D.2}{\376\377\000S\000o\000l\000v\000i\000n\000g\000\040\000S\000u\000d\000o\000k\000u}{appendix.D}% 32
\BOOKMARK [2][-]{subsection.D.3}{\376\377\000I\000m\000a\000g\000e\000\040\000C\000l\000a\000s\000s\000i\000f\000i\000c\000a\000t\000i\000o\000n}{appendix.D}% 33
\BOOKMARK [2][-]{subsection.D.4}{\376\377\000M\000a\000s\000k\000e\000d\000\040\000I\000m\000a\000g\000e\000\040\000M\000o\000d\000e\000l\000i\000n\000g}{appendix.D}% 34
\BOOKMARK [2][-]{subsection.D.5}{\376\377\000D\000e\000f\000i\000n\000i\000t\000i\000o\000n\000\040\000o\000f\000\040\000E\000f\000f\000e\000c\000t\000i\000v\000e\000\040\000R\000a\000n\000k\000\040\000a\000n\000d\000\040\000A\000v\000e\000r\000a\000g\000e\000\040\000A\000n\000g\000l\000e}{appendix.D}% 35
\BOOKMARK [2][-]{subsection.D.6}{\376\377\000C\000o\000m\000p\000a\000r\000i\000s\000o\000n\000s\000\040\000o\000f\000\040\000P\000a\000r\000a\000m\000e\000t\000e\000r\000\040\000E\000f\000f\000i\000c\000i\000e\000n\000c\000y\000\040\000a\000n\000d\000\040\000C\000o\000m\000p\000u\000t\000a\000t\000i\000o\000n\000a\000l\000\040\000C\000o\000s\000t}{appendix.D}% 36
\BOOKMARK [1][-]{appendix.E}{\376\377\000A\000d\000d\000i\000t\000i\000o\000n\000a\000l\000\040\000R\000e\000s\000u\000l\000t\000s\000\040\000o\000f\000\040\000M\000a\000s\000k\000e\000d\000\040\000I\000m\000a\000g\000e\000\040\000M\000o\000d\000e\000l\000i\000n\000g}{}% 37
\BOOKMARK [1][-]{appendix.F}{\376\377\000R\000a\000n\000k\000\040\000a\000n\000d\000\040\000A\000v\000e\000r\000a\000g\000e\000\040\000A\000n\000g\000l\000e\000\040\000o\000f\000\040\000E\000a\000c\000h\000\040\000H\000e\000a\000d}{}% 38
\BOOKMARK [2][-]{subsection.F.1}{\376\377\000S\000u\000d\000o\000k\000u\000\040\000D\000a\000t\000a\000s\000e\000t}{appendix.F}% 39
\BOOKMARK [2][-]{subsection.F.2}{\376\377\000C\000I\000F\000A\000R\000-\0001\0000\000\040\000D\000a\000t\000a\000s\000e\000t}{appendix.F}% 40
\BOOKMARK [2][-]{subsection.F.3}{\376\377\000C\000o\000m\000p\000a\000r\000i\000s\000o\000n\000s\000\040\000w\000i\000t\000h\000\040\000T\000r\000a\000n\000s\000f\000o\000r\000m\000e\000r\000\040\000w\000i\000t\000h\000\040\000S\000h\000a\000r\000e\000d\000\040\000Q\000u\000e\000r\000y\000,\000\040\000K\000e\000y\000,\000\040\000a\000n\000d\000\040\000V\000a\000l\000u\000e\000\040\000M\000a\000t\000r\000i\000x}{appendix.F}% 41
\BOOKMARK [1][-]{appendix.G}{\376\377\000A\000d\000d\000i\000t\000i\000o\000n\000a\000l\000\040\000R\000e\000s\000u\000l\000t\000s\000\040\000o\000n\000\040\000A\000l\000t\000e\000r\000n\000a\000t\000i\000v\000e\000\040\000D\000e\000s\000i\000g\000n\000s\000\040\000a\000n\000d\000\040\000S\000c\000a\000l\000a\000b\000i\000l\000i\000t\000y}{}% 42
\BOOKMARK [2][-]{subsection.G.1}{\376\377\000A\000l\000t\000e\000r\000n\000a\000t\000i\000v\000e\000\040\000D\000e\000s\000i\000g\000n\000s\000\040\000o\000n\000\040\000E\000n\000e\000r\000g\000y\000\040\000F\000u\000n\000c\000t\000i\000o\000n\000s}{appendix.G}% 43
\BOOKMARK [2][-]{subsection.G.2}{\376\377\000P\000r\000e\000l\000i\000m\000i\000n\000a\000r\000y\000\040\000R\000e\000s\000u\000l\000t\000s\000\040\000o\000n\000\040\000S\000c\000a\000l\000a\000b\000i\000l\000i\000t\000y}{appendix.G}% 44
\BOOKMARK [1][-]{appendix.H}{\376\377\000D\000i\000s\000c\000u\000s\000s\000i\000o\000n\000,\000\040\000L\000i\000m\000i\000t\000a\000t\000i\000o\000n\000s\000\040\000a\000n\000d\000\040\000F\000u\000t\000u\000r\000e\000\040\000D\000i\000r\000e\000c\000t\000i\000o\000n\000s}{}% 45
\BOOKMARK [2][-]{subsection.H.1}{\376\377\000C\000o\000n\000n\000e\000c\000t\000i\000o\000n\000s\000\040\000a\000n\000d\000\040\000D\000i\000f\000f\000e\000r\000e\000n\000c\000e\000s\000\040\000w\000i\000t\000h\000\040\000E\000n\000e\000r\000g\000y\000\040\000T\000r\000a\000n\000s\000f\000o\000r\000m\000e\000r}{appendix.H}% 46
\BOOKMARK [2][-]{subsection.H.2}{\376\377\000P\000r\000a\000c\000t\000i\000c\000a\000l\000\040\000I\000m\000p\000l\000i\000c\000a\000t\000i\000o\000n\000s\000\040\000a\000n\000d\000\040\000B\000r\000o\000a\000d\000e\000r\000\040\000I\000m\000p\000a\000c\000t}{appendix.H}% 47
\BOOKMARK [2][-]{subsection.H.3}{\376\377\000L\000i\000m\000i\000t\000a\000t\000i\000o\000n\000s}{appendix.H}% 48
\BOOKMARK [2][-]{subsection.H.4}{\376\377\000F\000u\000t\000u\000r\000e\000\040\000D\000i\000r\000e\000c\000t\000i\000o\000n\000s}{appendix.H}% 49
